<?xml version="1.0" encoding="UTF-8"?>
<testng-results total="2" passed="2" failed="0" skipped="0">
  <reporter-output>
  </reporter-output>
  <suite started-at="2021-09-22T06:32:47Z" name="Default suite" finished-at="2021-09-22T06:33:27Z" duration-ms="40429">
    <groups>
    </groups>
    <test started-at="2021-09-22T06:32:47Z" name="Default test" finished-at="2021-09-22T06:33:27Z" duration-ms="40429">
      <class name="alarm.clock.Alarmtest">
        <test-method is-config="true" signature="setup()[pri:0, instance:alarm.clock.Alarmtest@3f67593e]" started-at="2021-09-22T12:02:47Z" name="setup" finished-at="2021-09-22T12:02:52Z" duration-ms="4861" status="PASS">
          <reporter-output>
          </reporter-output>
        </test-method> <!-- setup -->
        <test-method signature="add()[pri:0, instance:alarm.clock.Alarmtest@3f67593e]" started-at="2021-09-22T12:02:52Z" name="add" finished-at="2021-09-22T12:03:11Z" duration-ms="18968" status="PASS">
          <reporter-output>
          </reporter-output>
        </test-method> <!-- add -->
        <test-method is-config="true" signature="teardown()[pri:0, instance:alarm.clock.Alarmtest@3f67593e]" started-at="2021-09-22T12:03:11Z" name="teardown" finished-at="2021-09-22T12:03:11Z" duration-ms="187" status="PASS">
          <reporter-output>
          </reporter-output>
        </test-method> <!-- teardown -->
        <test-method is-config="true" signature="setup()[pri:0, instance:alarm.clock.Alarmtest@3f67593e]" started-at="2021-09-22T12:03:11Z" name="setup" finished-at="2021-09-22T12:03:13Z" duration-ms="2592" status="PASS">
          <reporter-output>
          </reporter-output>
        </test-method> <!-- setup -->
        <test-method signature="add1()[pri:0, instance:alarm.clock.Alarmtest@3f67593e]" started-at="2021-09-22T12:03:13Z" name="add1" finished-at="2021-09-22T12:03:27Z" duration-ms="13642" status="PASS">
          <reporter-output>
          </reporter-output>
        </test-method> <!-- add1 -->
        <test-method is-config="true" signature="teardown()[pri:0, instance:alarm.clock.Alarmtest@3f67593e]" started-at="2021-09-22T12:03:27Z" name="teardown" finished-at="2021-09-22T12:03:27Z" duration-ms="148" status="PASS">
          <reporter-output>
          </reporter-output>
        </test-method> <!-- teardown -->
      </class> <!-- alarm.clock.Alarmtest -->
    </test> <!-- Default test -->
  </suite> <!-- Default suite -->
</testng-results>
